{"/Users/andrew.thompson/src/react-tetris/src/App.tsx": {"path":"/Users/andrew.thompson/src/react-tetris/src/App.tsx","statementMap":{"0":{"start":{"line":4,"column":12},"end":{"line":11,"column":1}},"1":{"start":{"line":5,"column":2},"end":{"line":10,"column":4}}},"fnMap":{"0":{"name":"(anonymous_0)","decl":{"start":{"line":4,"column":12},"end":{"line":4,"column":13}},"loc":{"start":{"line":4,"column":18},"end":{"line":11,"column":1}},"line":4}},"branchMap":{},"s":{"0":1,"1":1},"f":{"0":1},"b":{},"_coverageSchema":"1a1c01bbd47fc00a2c39e90264f33305004495a9","hash":"871e66483aac439ae61bbc972a1b063d660a86a1"}
,"/Users/andrew.thompson/src/react-tetris/src/setupTests.js": {"path":"/Users/andrew.thompson/src/react-tetris/src/setupTests.js","statementMap":{},"fnMap":{},"branchMap":{},"s":{},"f":{},"b":{}}
,"/Users/andrew.thompson/src/react-tetris/src/components/Controls.tsx": {"path":"/Users/andrew.thompson/src/react-tetris/src/components/Controls.tsx","statementMap":{"0":{"start":{"line":3,"column":24},"end":{"line":19,"column":1}},"1":{"start":{"line":4,"column":2},"end":{"line":18,"column":4}}},"fnMap":{"0":{"name":"(anonymous_0)","decl":{"start":{"line":3,"column":24},"end":{"line":3,"column":25}},"loc":{"start":{"line":3,"column":30},"end":{"line":19,"column":1}},"line":3}},"branchMap":{},"s":{"0":0,"1":0},"f":{"0":0},"b":{}}
,"/Users/andrew.thompson/src/react-tetris/src/components/GameBoard.tsx": {"path":"/Users/andrew.thompson/src/react-tetris/src/components/GameBoard.tsx","statementMap":{"0":{"start":{"line":14,"column":15},"end":{"line":25,"column":1}},"1":{"start":{"line":15,"column":2},"end":{"line":24,"column":4}},"2":{"start":{"line":27,"column":18},"end":{"line":116,"column":2}},"3":{"start":{"line":35,"column":6},"end":{"line":35,"column":15}},"4":{"start":{"line":38,"column":2},"end":{"line":51,"column":17}},"5":{"start":{"line":39,"column":4},"end":{"line":39,"column":55}},"6":{"start":{"line":41,"column":21},"end":{"line":43,"column":11}},"7":{"start":{"line":42,"column":6},"end":{"line":42,"column":28}},"8":{"start":{"line":45,"column":4},"end":{"line":48,"column":5}},"9":{"start":{"line":46,"column":6},"end":{"line":46,"column":30}},"10":{"start":{"line":47,"column":6},"end":{"line":47,"column":60}},"11":{"start":{"line":50,"column":4},"end":{"line":50,"column":41}},"12":{"start":{"line":50,"column":17},"end":{"line":50,"column":40}},"13":{"start":{"line":54,"column":16},"end":{"line":62,"column":4}},"14":{"start":{"line":55,"column":4},"end":{"line":61,"column":10}},"15":{"start":{"line":57,"column":8},"end":{"line":59,"column":14}},"16":{"start":{"line":64,"column":21},"end":{"line":72,"column":4}},"17":{"start":{"line":65,"column":4},"end":{"line":71,"column":10}},"18":{"start":{"line":67,"column":8},"end":{"line":69,"column":14}},"19":{"start":{"line":74,"column":2},"end":{"line":115,"column":4}},"20":{"start":{"line":111,"column":33},"end":{"line":111,"column":57}}},"fnMap":{"0":{"name":"(anonymous_0)","decl":{"start":{"line":14,"column":15},"end":{"line":14,"column":16}},"loc":{"start":{"line":15,"column":2},"end":{"line":24,"column":4}},"line":15},"1":{"name":"(anonymous_1)","decl":{"start":{"line":27,"column":27},"end":{"line":27,"column":28}},"loc":{"start":{"line":27,"column":72},"end":{"line":116,"column":1}},"line":27},"2":{"name":"(anonymous_2)","decl":{"start":{"line":38,"column":12},"end":{"line":38,"column":13}},"loc":{"start":{"line":38,"column":18},"end":{"line":51,"column":3}},"line":38},"3":{"name":"(anonymous_3)","decl":{"start":{"line":41,"column":33},"end":{"line":41,"column":34}},"loc":{"start":{"line":41,"column":39},"end":{"line":43,"column":5}},"line":41},"4":{"name":"(anonymous_4)","decl":{"start":{"line":50,"column":11},"end":{"line":50,"column":12}},"loc":{"start":{"line":50,"column":17},"end":{"line":50,"column":40}},"line":50},"5":{"name":"(anonymous_5)","decl":{"start":{"line":54,"column":30},"end":{"line":54,"column":31}},"loc":{"start":{"line":55,"column":4},"end":{"line":61,"column":10}},"line":55},"6":{"name":"(anonymous_6)","decl":{"start":{"line":56,"column":15},"end":{"line":56,"column":16}},"loc":{"start":{"line":57,"column":8},"end":{"line":59,"column":14}},"line":57},"7":{"name":"(anonymous_7)","decl":{"start":{"line":64,"column":42},"end":{"line":64,"column":43}},"loc":{"start":{"line":65,"column":4},"end":{"line":71,"column":10}},"line":65},"8":{"name":"(anonymous_8)","decl":{"start":{"line":66,"column":15},"end":{"line":66,"column":16}},"loc":{"start":{"line":67,"column":8},"end":{"line":69,"column":14}},"line":67},"9":{"name":"(anonymous_9)","decl":{"start":{"line":111,"column":27},"end":{"line":111,"column":28}},"loc":{"start":{"line":111,"column":33},"end":{"line":111,"column":57}},"line":111}},"branchMap":{"0":{"loc":{"start":{"line":20,"column":10},"end":{"line":22,"column":7}},"type":"binary-expr","locations":[{"start":{"line":20,"column":10},"end":{"line":20,"column":45}},{"start":{"line":20,"column":49},"end":{"line":22,"column":7}}],"line":20},"1":{"loc":{"start":{"line":45,"column":4},"end":{"line":48,"column":5}},"type":"if","locations":[{"start":{"line":45,"column":4},"end":{"line":48,"column":5}},{"start":{},"end":{}}],"line":45},"2":{"loc":{"start":{"line":108,"column":7},"end":{"line":113,"column":7}},"type":"binary-expr","locations":[{"start":{"line":108,"column":7},"end":{"line":108,"column":15}},{"start":{"line":109,"column":8},"end":{"line":112,"column":13}}],"line":108}},"s":{"0":0,"1":0,"2":0,"3":0,"4":0,"5":0,"6":0,"7":0,"8":0,"9":0,"10":0,"11":0,"12":0,"13":0,"14":0,"15":0,"16":0,"17":0,"18":0,"19":0,"20":0},"f":{"0":0,"1":0,"2":0,"3":0,"4":0,"5":0,"6":0,"7":0,"8":0,"9":0},"b":{"0":[0,0],"1":[0,0],"2":[0,0]}}
,"/Users/andrew.thompson/src/react-tetris/src/components/Menu.tsx": {"path":"/Users/andrew.thompson/src/react-tetris/src/components/Menu.tsx","statementMap":{"0":{"start":{"line":6,"column":20},"end":{"line":17,"column":1}},"1":{"start":{"line":7,"column":19},"end":{"line":7,"column":32}},"2":{"start":{"line":9,"column":2},"end":{"line":16,"column":4}},"3":{"start":{"line":11,"column":29},"end":{"line":11,"column":46}}},"fnMap":{"0":{"name":"(anonymous_0)","decl":{"start":{"line":6,"column":20},"end":{"line":6,"column":21}},"loc":{"start":{"line":6,"column":26},"end":{"line":17,"column":1}},"line":6},"1":{"name":"(anonymous_1)","decl":{"start":{"line":11,"column":23},"end":{"line":11,"column":24}},"loc":{"start":{"line":11,"column":29},"end":{"line":11,"column":46}},"line":11}},"branchMap":{},"s":{"0":0,"1":0,"2":0,"3":0},"f":{"0":0,"1":0},"b":{}}
,"/Users/andrew.thompson/src/react-tetris/src/helpers/constants.ts": {"path":"/Users/andrew.thompson/src/react-tetris/src/helpers/constants.ts","statementMap":{"0":{"start":{"line":1,"column":24},"end":{"line":1,"column":26}},"1":{"start":{"line":2,"column":27},"end":{"line":2,"column":29}},"2":{"start":{"line":3,"column":35},"end":{"line":3,"column":68}},"3":{"start":{"line":4,"column":27},"end":{"line":4,"column":29}},"4":{"start":{"line":5,"column":32},"end":{"line":5,"column":57}},"5":{"start":{"line":6,"column":33},"end":{"line":6,"column":55}}},"fnMap":{},"branchMap":{},"s":{"0":0,"1":0,"2":0,"3":0,"4":0,"5":0},"f":{},"b":{}}
,"/Users/andrew.thompson/src/react-tetris/src/helpers/randomTetromino.ts": {"path":"/Users/andrew.thompson/src/react-tetris/src/helpers/randomTetromino.ts","statementMap":{"0":{"start":{"line":3,"column":31},"end":{"line":9,"column":1}},"1":{"start":{"line":4,"column":15},"end":{"line":4,"column":38}},"2":{"start":{"line":5,"column":25},"end":{"line":5,"column":64}},"3":{"start":{"line":6,"column":20},"end":{"line":6,"column":40}},"4":{"start":{"line":8,"column":2},"end":{"line":8,"column":31}}},"fnMap":{"0":{"name":"(anonymous_0)","decl":{"start":{"line":3,"column":31},"end":{"line":3,"column":32}},"loc":{"start":{"line":3,"column":37},"end":{"line":9,"column":1}},"line":3}},"branchMap":{},"s":{"0":0,"1":0,"2":0,"3":0,"4":0},"f":{"0":0},"b":{}}
,"/Users/andrew.thompson/src/react-tetris/src/helpers/rotate.ts": {"path":"/Users/andrew.thompson/src/react-tetris/src/helpers/rotate.ts","statementMap":{"0":{"start":{"line":3,"column":22},"end":{"line":10,"column":1}},"1":{"start":{"line":4,"column":2},"end":{"line":9,"column":5}},"2":{"start":{"line":5,"column":15},"end":{"line":5,"column":33}},"3":{"start":{"line":6,"column":15},"end":{"line":6,"column":33}},"4":{"start":{"line":8,"column":4},"end":{"line":8,"column":50}}},"fnMap":{"0":{"name":"(anonymous_0)","decl":{"start":{"line":3,"column":22},"end":{"line":3,"column":23}},"loc":{"start":{"line":3,"column":73},"end":{"line":10,"column":1}},"line":3},"1":{"name":"(anonymous_1)","decl":{"start":{"line":4,"column":25},"end":{"line":4,"column":26}},"loc":{"start":{"line":4,"column":36},"end":{"line":9,"column":3}},"line":4}},"branchMap":{},"s":{"0":0,"1":0,"2":0,"3":0,"4":0},"f":{"0":0,"1":0},"b":{}}
,"/Users/andrew.thompson/src/react-tetris/src/helpers/tetrominos.ts": {"path":"/Users/andrew.thompson/src/react-tetris/src/helpers/tetrominos.ts","statementMap":{"0":{"start":{"line":3,"column":35},"end":{"line":13,"column":1}},"1":{"start":{"line":15,"column":33},"end":{"line":25,"column":1}},"2":{"start":{"line":27,"column":28},"end":{"line":37,"column":1}},"3":{"start":{"line":39,"column":28},"end":{"line":49,"column":1}},"4":{"start":{"line":51,"column":28},"end":{"line":61,"column":1}},"5":{"start":{"line":63,"column":28},"end":{"line":73,"column":1}},"6":{"start":{"line":75,"column":28},"end":{"line":85,"column":1}},"7":{"start":{"line":87,"column":56},"end":{"line":95,"column":1}}},"fnMap":{},"branchMap":{},"s":{"0":0,"1":0,"2":0,"3":0,"4":0,"5":0,"6":0,"7":0},"f":{},"b":{}}
,"/Users/andrew.thompson/src/react-tetris/src/stores/GameStore.ts": {"path":"/Users/andrew.thompson/src/react-tetris/src/stores/GameStore.ts","statementMap":{"0":{"start":{"line":25,"column":4},"end":{"line":27,"column":64}},"1":{"start":{"line":27,"column":18},"end":{"line":27,"column":62}},"2":{"start":{"line":28,"column":4},"end":{"line":30,"column":54}},"3":{"start":{"line":30,"column":18},"end":{"line":30,"column":52}},"4":{"start":{"line":31,"column":4},"end":{"line":31,"column":62}},"5":{"start":{"line":32,"column":4},"end":{"line":32,"column":26}},"6":{"start":{"line":33,"column":4},"end":{"line":33,"column":33}},"7":{"start":{"line":34,"column":4},"end":{"line":34,"column":31}},"8":{"start":{"line":35,"column":4},"end":{"line":35,"column":19}},"9":{"start":{"line":36,"column":4},"end":{"line":36,"column":27}},"10":{"start":{"line":38,"column":4},"end":{"line":47,"column":7}},"11":{"start":{"line":50,"column":20},"end":{"line":67,"column":3}},"12":{"start":{"line":51,"column":4},"end":{"line":53,"column":64}},"13":{"start":{"line":53,"column":18},"end":{"line":53,"column":62}},"14":{"start":{"line":55,"column":4},"end":{"line":66,"column":7}},"15":{"start":{"line":56,"column":6},"end":{"line":65,"column":9}},"16":{"start":{"line":57,"column":8},"end":{"line":64,"column":9}},"17":{"start":{"line":58,"column":10},"end":{"line":58,"column":31}},"18":{"start":{"line":60,"column":10},"end":{"line":63,"column":12}},"19":{"start":{"line":69,"column":27},"end":{"line":85,"column":3}},"20":{"start":{"line":70,"column":4},"end":{"line":72,"column":54}},"21":{"start":{"line":72,"column":18},"end":{"line":72,"column":52}},"22":{"start":{"line":74,"column":4},"end":{"line":76,"column":5}},"23":{"start":{"line":75,"column":6},"end":{"line":75,"column":13}},"24":{"start":{"line":78,"column":22},"end":{"line":78,"column":50}},"25":{"start":{"line":79,"column":4},"end":{"line":84,"column":7}},"26":{"start":{"line":80,"column":6},"end":{"line":83,"column":8}},"27":{"start":{"line":87,"column":15},"end":{"line":102,"column":3}},"28":{"start":{"line":88,"column":21},"end":{"line":90,"column":5}},"29":{"start":{"line":89,"column":15},"end":{"line":89,"column":70}},"30":{"start":{"line":89,"column":35},"end":{"line":89,"column":69}},"31":{"start":{"line":92,"column":4},"end":{"line":100,"column":7}},"32":{"start":{"line":93,"column":6},"end":{"line":99,"column":7}},"33":{"start":{"line":93,"column":29},"end":{"line":93,"column":63}},"34":{"start":{"line":94,"column":8},"end":{"line":94,"column":26}},"35":{"start":{"line":95,"column":8},"end":{"line":97,"column":11}},"36":{"start":{"line":96,"column":10},"end":{"line":96,"column":47}},"37":{"start":{"line":98,"column":8},"end":{"line":98,"column":71}},"38":{"start":{"line":101,"column":4},"end":{"line":101,"column":30}},"39":{"start":{"line":104,"column":17},"end":{"line":107,"column":3}},"40":{"start":{"line":105,"column":4},"end":{"line":105,"column":39}},"41":{"start":{"line":106,"column":4},"end":{"line":106,"column":27}},"42":{"start":{"line":109,"column":24},"end":{"line":128,"column":3}},"43":{"start":{"line":110,"column":4},"end":{"line":127,"column":5}},"44":{"start":{"line":112,"column":8},"end":{"line":116,"column":10}},"45":{"start":{"line":119,"column":6},"end":{"line":119,"column":37}},"46":{"start":{"line":120,"column":6},"end":{"line":120,"column":29}},"47":{"start":{"line":121,"column":6},"end":{"line":121,"column":19}},"48":{"start":{"line":123,"column":6},"end":{"line":123,"column":24}},"49":{"start":{"line":124,"column":6},"end":{"line":124,"column":63}},"50":{"start":{"line":125,"column":6},"end":{"line":125,"column":33}},"51":{"start":{"line":126,"column":6},"end":{"line":126,"column":18}},"52":{"start":{"line":130,"column":28},"end":{"line":135,"column":3}},"53":{"start":{"line":131,"column":15},"end":{"line":131,"column":41}},"54":{"start":{"line":132,"column":4},"end":{"line":134,"column":5}},"55":{"start":{"line":133,"column":6},"end":{"line":133,"column":40}},"56":{"start":{"line":137,"column":19},"end":{"line":216,"column":3}},"57":{"start":{"line":138,"column":4},"end":{"line":215,"column":5}},"58":{"start":{"line":140,"column":8},"end":{"line":140,"column":35}},"59":{"start":{"line":141,"column":8},"end":{"line":141,"column":14}},"60":{"start":{"line":143,"column":8},"end":{"line":156,"column":9}},"61":{"start":{"line":146,"column":14},"end":{"line":151,"column":60}},"62":{"start":{"line":154,"column":10},"end":{"line":154,"column":42}},"63":{"start":{"line":155,"column":10},"end":{"line":155,"column":33}},"64":{"start":{"line":157,"column":8},"end":{"line":157,"column":14}},"65":{"start":{"line":159,"column":8},"end":{"line":172,"column":9}},"66":{"start":{"line":162,"column":14},"end":{"line":167,"column":60}},"67":{"start":{"line":170,"column":10},"end":{"line":170,"column":41}},"68":{"start":{"line":171,"column":10},"end":{"line":171,"column":33}},"69":{"start":{"line":173,"column":8},"end":{"line":173,"column":14}},"70":{"start":{"line":175,"column":8},"end":{"line":175,"column":39}},"71":{"start":{"line":176,"column":8},"end":{"line":176,"column":14}},"72":{"start":{"line":178,"column":26},"end":{"line":181,"column":9}},"73":{"start":{"line":182,"column":8},"end":{"line":194,"column":9}},"74":{"start":{"line":185,"column":14},"end":{"line":189,"column":57}},"75":{"start":{"line":192,"column":10},"end":{"line":192,"column":38}},"76":{"start":{"line":193,"column":10},"end":{"line":193,"column":33}},"77":{"start":{"line":195,"column":8},"end":{"line":195,"column":14}},"78":{"start":{"line":197,"column":8},"end":{"line":199,"column":9}},"79":{"start":{"line":198,"column":10},"end":{"line":198,"column":16}},"80":{"start":{"line":200,"column":25},"end":{"line":200,"column":41}},"81":{"start":{"line":201,"column":29},"end":{"line":201,"column":52}},"82":{"start":{"line":202,"column":8},"end":{"line":204,"column":9}},"83":{"start":{"line":203,"column":10},"end":{"line":203,"column":47}},"84":{"start":{"line":205,"column":8},"end":{"line":209,"column":9}},"85":{"start":{"line":206,"column":10},"end":{"line":206,"column":70}},"86":{"start":{"line":208,"column":10},"end":{"line":208,"column":67}},"87":{"start":{"line":210,"column":8},"end":{"line":210,"column":38}},"88":{"start":{"line":211,"column":8},"end":{"line":211,"column":34}},"89":{"start":{"line":212,"column":8},"end":{"line":212,"column":14}},"90":{"start":{"line":214,"column":8},"end":{"line":214,"column":14}}},"fnMap":{"0":{"name":"(anonymous_0)","decl":{"start":{"line":24,"column":2},"end":{"line":24,"column":3}},"loc":{"start":{"line":24,"column":16},"end":{"line":48,"column":3}},"line":24},"1":{"name":"(anonymous_1)","decl":{"start":{"line":27,"column":11},"end":{"line":27,"column":12}},"loc":{"start":{"line":27,"column":18},"end":{"line":27,"column":62}},"line":27},"2":{"name":"(anonymous_2)","decl":{"start":{"line":30,"column":11},"end":{"line":30,"column":12}},"loc":{"start":{"line":30,"column":18},"end":{"line":30,"column":52}},"line":30},"3":{"name":"(anonymous_3)","decl":{"start":{"line":50,"column":20},"end":{"line":50,"column":21}},"loc":{"start":{"line":50,"column":26},"end":{"line":67,"column":3}},"line":50},"4":{"name":"(anonymous_4)","decl":{"start":{"line":53,"column":11},"end":{"line":53,"column":12}},"loc":{"start":{"line":53,"column":18},"end":{"line":53,"column":62}},"line":53},"5":{"name":"(anonymous_5)","decl":{"start":{"line":55,"column":28},"end":{"line":55,"column":29}},"loc":{"start":{"line":55,"column":50},"end":{"line":66,"column":5}},"line":55},"6":{"name":"(anonymous_6)","decl":{"start":{"line":56,"column":36},"end":{"line":56,"column":37}},"loc":{"start":{"line":56,"column":47},"end":{"line":65,"column":7}},"line":56},"7":{"name":"(anonymous_7)","decl":{"start":{"line":69,"column":27},"end":{"line":69,"column":28}},"loc":{"start":{"line":69,"column":33},"end":{"line":85,"column":3}},"line":69},"8":{"name":"(anonymous_8)","decl":{"start":{"line":72,"column":11},"end":{"line":72,"column":12}},"loc":{"start":{"line":72,"column":18},"end":{"line":72,"column":52}},"line":72},"9":{"name":"(anonymous_9)","decl":{"start":{"line":79,"column":34},"end":{"line":79,"column":35}},"loc":{"start":{"line":79,"column":45},"end":{"line":84,"column":5}},"line":79},"10":{"name":"(anonymous_10)","decl":{"start":{"line":87,"column":15},"end":{"line":87,"column":16}},"loc":{"start":{"line":87,"column":21},"end":{"line":102,"column":3}},"line":87},"11":{"name":"(anonymous_11)","decl":{"start":{"line":89,"column":6},"end":{"line":89,"column":7}},"loc":{"start":{"line":89,"column":15},"end":{"line":89,"column":70}},"line":89},"12":{"name":"(anonymous_12)","decl":{"start":{"line":89,"column":26},"end":{"line":89,"column":27}},"loc":{"start":{"line":89,"column":35},"end":{"line":89,"column":69}},"line":89},"13":{"name":"(anonymous_13)","decl":{"start":{"line":92,"column":27},"end":{"line":92,"column":28}},"loc":{"start":{"line":92,"column":43},"end":{"line":100,"column":5}},"line":92},"14":{"name":"(anonymous_14)","decl":{"start":{"line":93,"column":20},"end":{"line":93,"column":21}},"loc":{"start":{"line":93,"column":29},"end":{"line":93,"column":63}},"line":93},"15":{"name":"(anonymous_15)","decl":{"start":{"line":95,"column":32},"end":{"line":95,"column":33}},"loc":{"start":{"line":95,"column":47},"end":{"line":97,"column":9}},"line":95},"16":{"name":"(anonymous_16)","decl":{"start":{"line":104,"column":17},"end":{"line":104,"column":18}},"loc":{"start":{"line":104,"column":48},"end":{"line":107,"column":3}},"line":104},"17":{"name":"(anonymous_17)","decl":{"start":{"line":109,"column":24},"end":{"line":109,"column":25}},"loc":{"start":{"line":109,"column":30},"end":{"line":128,"column":3}},"line":109},"18":{"name":"(anonymous_18)","decl":{"start":{"line":111,"column":43},"end":{"line":111,"column":44}},"loc":{"start":{"line":111,"column":54},"end":{"line":117,"column":7}},"line":111},"19":{"name":"(anonymous_19)","decl":{"start":{"line":130,"column":28},"end":{"line":130,"column":29}},"loc":{"start":{"line":130,"column":34},"end":{"line":135,"column":3}},"line":130},"20":{"name":"(anonymous_20)","decl":{"start":{"line":137,"column":19},"end":{"line":137,"column":20}},"loc":{"start":{"line":137,"column":45},"end":{"line":216,"column":3}},"line":137},"21":{"name":"(anonymous_21)","decl":{"start":{"line":145,"column":12},"end":{"line":145,"column":13}},"loc":{"start":{"line":146,"column":14},"end":{"line":151,"column":60}},"line":146},"22":{"name":"(anonymous_22)","decl":{"start":{"line":161,"column":12},"end":{"line":161,"column":13}},"loc":{"start":{"line":162,"column":14},"end":{"line":167,"column":60}},"line":162},"23":{"name":"(anonymous_23)","decl":{"start":{"line":184,"column":12},"end":{"line":184,"column":13}},"loc":{"start":{"line":185,"column":14},"end":{"line":189,"column":57}},"line":185}},"branchMap":{"0":{"loc":{"start":{"line":57,"column":8},"end":{"line":64,"column":9}},"type":"if","locations":[{"start":{"line":57,"column":8},"end":{"line":64,"column":9}},{"start":{"line":59,"column":15},"end":{"line":64,"column":9}}],"line":57},"1":{"loc":{"start":{"line":74,"column":4},"end":{"line":76,"column":5}},"type":"if","locations":[{"start":{"line":74,"column":4},"end":{"line":76,"column":5}},{"start":{},"end":{}}],"line":74},"2":{"loc":{"start":{"line":93,"column":6},"end":{"line":99,"column":7}},"type":"if","locations":[{"start":{"line":93,"column":6},"end":{"line":99,"column":7}},{"start":{},"end":{}}],"line":93},"3":{"loc":{"start":{"line":110,"column":4},"end":{"line":127,"column":5}},"type":"if","locations":[{"start":{"line":110,"column":4},"end":{"line":127,"column":5}},{"start":{"line":122,"column":11},"end":{"line":127,"column":5}}],"line":110},"4":{"loc":{"start":{"line":113,"column":10},"end":{"line":115,"column":56}},"type":"binary-expr","locations":[{"start":{"line":113,"column":10},"end":{"line":113,"column":32}},{"start":{"line":114,"column":11},"end":{"line":114,"column":77}},{"start":{"line":115,"column":12},"end":{"line":115,"column":55}}],"line":113},"5":{"loc":{"start":{"line":138,"column":4},"end":{"line":215,"column":5}},"type":"switch","locations":[{"start":{"line":139,"column":6},"end":{"line":141,"column":14}},{"start":{"line":142,"column":6},"end":{"line":157,"column":14}},{"start":{"line":158,"column":6},"end":{"line":173,"column":14}},{"start":{"line":174,"column":6},"end":{"line":176,"column":14}},{"start":{"line":177,"column":6},"end":{"line":195,"column":14}},{"start":{"line":196,"column":6},"end":{"line":212,"column":14}},{"start":{"line":213,"column":6},"end":{"line":214,"column":14}}],"line":138},"6":{"loc":{"start":{"line":143,"column":8},"end":{"line":156,"column":9}},"type":"if","locations":[{"start":{"line":143,"column":8},"end":{"line":156,"column":9}},{"start":{},"end":{}}],"line":143},"7":{"loc":{"start":{"line":146,"column":14},"end":{"line":151,"column":60}},"type":"binary-expr","locations":[{"start":{"line":146,"column":14},"end":{"line":146,"column":39}},{"start":{"line":147,"column":15},"end":{"line":150,"column":15}},{"start":{"line":151,"column":16},"end":{"line":151,"column":59}}],"line":146},"8":{"loc":{"start":{"line":159,"column":8},"end":{"line":172,"column":9}},"type":"if","locations":[{"start":{"line":159,"column":8},"end":{"line":172,"column":9}},{"start":{},"end":{}}],"line":159},"9":{"loc":{"start":{"line":162,"column":14},"end":{"line":167,"column":60}},"type":"binary-expr","locations":[{"start":{"line":162,"column":14},"end":{"line":162,"column":25}},{"start":{"line":163,"column":15},"end":{"line":166,"column":15}},{"start":{"line":167,"column":16},"end":{"line":167,"column":59}}],"line":162},"10":{"loc":{"start":{"line":182,"column":8},"end":{"line":194,"column":9}},"type":"if","locations":[{"start":{"line":182,"column":8},"end":{"line":194,"column":9}},{"start":{},"end":{}}],"line":182},"11":{"loc":{"start":{"line":185,"column":14},"end":{"line":189,"column":57}},"type":"binary-expr","locations":[{"start":{"line":185,"column":14},"end":{"line":185,"column":25}},{"start":{"line":186,"column":14},"end":{"line":186,"column":39}},{"start":{"line":187,"column":14},"end":{"line":187,"column":25}},{"start":{"line":188,"column":15},"end":{"line":188,"column":77}},{"start":{"line":189,"column":16},"end":{"line":189,"column":56}}],"line":185},"12":{"loc":{"start":{"line":197,"column":8},"end":{"line":199,"column":9}},"type":"if","locations":[{"start":{"line":197,"column":8},"end":{"line":199,"column":9}},{"start":{},"end":{}}],"line":197},"13":{"loc":{"start":{"line":202,"column":8},"end":{"line":204,"column":9}},"type":"if","locations":[{"start":{"line":202,"column":8},"end":{"line":204,"column":9}},{"start":{},"end":{}}],"line":202},"14":{"loc":{"start":{"line":205,"column":8},"end":{"line":209,"column":9}},"type":"if","locations":[{"start":{"line":205,"column":8},"end":{"line":209,"column":9}},{"start":{"line":207,"column":15},"end":{"line":209,"column":9}}],"line":205}},"s":{"0":0,"1":0,"2":0,"3":0,"4":0,"5":0,"6":0,"7":0,"8":0,"9":0,"10":0,"11":0,"12":0,"13":0,"14":0,"15":0,"16":0,"17":0,"18":0,"19":0,"20":0,"21":0,"22":0,"23":0,"24":0,"25":0,"26":0,"27":0,"28":0,"29":0,"30":0,"31":0,"32":0,"33":0,"34":0,"35":0,"36":0,"37":0,"38":0,"39":0,"40":0,"41":0,"42":0,"43":0,"44":0,"45":0,"46":0,"47":0,"48":0,"49":0,"50":0,"51":0,"52":0,"53":0,"54":0,"55":0,"56":0,"57":0,"58":0,"59":0,"60":0,"61":0,"62":0,"63":0,"64":0,"65":0,"66":0,"67":0,"68":0,"69":0,"70":0,"71":0,"72":0,"73":0,"74":0,"75":0,"76":0,"77":0,"78":0,"79":0,"80":0,"81":0,"82":0,"83":0,"84":0,"85":0,"86":0,"87":0,"88":0,"89":0,"90":0},"f":{"0":0,"1":0,"2":0,"3":0,"4":0,"5":0,"6":0,"7":0,"8":0,"9":0,"10":0,"11":0,"12":0,"13":0,"14":0,"15":0,"16":0,"17":0,"18":0,"19":0,"20":0,"21":0,"22":0,"23":0},"b":{"0":[0,0],"1":[0,0],"2":[0,0],"3":[0,0],"4":[0,0,0],"5":[0,0,0,0,0,0,0],"6":[0,0],"7":[0,0,0],"8":[0,0],"9":[0,0,0],"10":[0,0],"11":[0,0,0,0,0],"12":[0,0],"13":[0,0],"14":[0,0]}}
,"/Users/andrew.thompson/src/react-tetris/src/stores/TetrominoStore.ts": {"path":"/Users/andrew.thompson/src/react-tetris/src/stores/TetrominoStore.ts","statementMap":{"0":{"start":{"line":12,"column":4},"end":{"line":12,"column":45}},"1":{"start":{"line":13,"column":4},"end":{"line":13,"column":35}},"2":{"start":{"line":14,"column":4},"end":{"line":14,"column":33}},"3":{"start":{"line":15,"column":4},"end":{"line":15,"column":31}},"4":{"start":{"line":17,"column":4},"end":{"line":26,"column":7}},"5":{"start":{"line":29,"column":14},"end":{"line":32,"column":3}},"6":{"start":{"line":30,"column":4},"end":{"line":30,"column":51}},"7":{"start":{"line":30,"column":40},"end":{"line":30,"column":49}},"8":{"start":{"line":31,"column":4},"end":{"line":31,"column":20}},"9":{"start":{"line":34,"column":15},"end":{"line":37,"column":3}},"10":{"start":{"line":35,"column":4},"end":{"line":35,"column":51}},"11":{"start":{"line":35,"column":40},"end":{"line":35,"column":49}},"12":{"start":{"line":36,"column":4},"end":{"line":36,"column":20}},"13":{"start":{"line":39,"column":14},"end":{"line":42,"column":3}},"14":{"start":{"line":40,"column":4},"end":{"line":40,"column":51}},"15":{"start":{"line":40,"column":40},"end":{"line":40,"column":49}},"16":{"start":{"line":41,"column":4},"end":{"line":41,"column":20}},"17":{"start":{"line":44,"column":24},"end":{"line":53,"column":3}},"18":{"start":{"line":45,"column":4},"end":{"line":47,"column":6}},"19":{"start":{"line":46,"column":17},"end":{"line":46,"column":39}},"20":{"start":{"line":48,"column":4},"end":{"line":52,"column":7}},"21":{"start":{"line":49,"column":6},"end":{"line":51,"column":7}},"22":{"start":{"line":50,"column":8},"end":{"line":50,"column":18}},"23":{"start":{"line":55,"column":11},"end":{"line":58,"column":3}},"24":{"start":{"line":56,"column":4},"end":{"line":56,"column":61}},"25":{"start":{"line":57,"column":4},"end":{"line":57,"column":73}}},"fnMap":{"0":{"name":"(anonymous_0)","decl":{"start":{"line":11,"column":2},"end":{"line":11,"column":3}},"loc":{"start":{"line":11,"column":36},"end":{"line":27,"column":3}},"line":11},"1":{"name":"(anonymous_1)","decl":{"start":{"line":29,"column":14},"end":{"line":29,"column":15}},"loc":{"start":{"line":29,"column":20},"end":{"line":32,"column":3}},"line":29},"2":{"name":"(anonymous_2)","decl":{"start":{"line":30,"column":29},"end":{"line":30,"column":30}},"loc":{"start":{"line":30,"column":40},"end":{"line":30,"column":49}},"line":30},"3":{"name":"(anonymous_3)","decl":{"start":{"line":34,"column":15},"end":{"line":34,"column":16}},"loc":{"start":{"line":34,"column":21},"end":{"line":37,"column":3}},"line":34},"4":{"name":"(anonymous_4)","decl":{"start":{"line":35,"column":29},"end":{"line":35,"column":30}},"loc":{"start":{"line":35,"column":40},"end":{"line":35,"column":49}},"line":35},"5":{"name":"(anonymous_5)","decl":{"start":{"line":39,"column":14},"end":{"line":39,"column":15}},"loc":{"start":{"line":39,"column":20},"end":{"line":42,"column":3}},"line":39},"6":{"name":"(anonymous_6)","decl":{"start":{"line":40,"column":29},"end":{"line":40,"column":30}},"loc":{"start":{"line":40,"column":40},"end":{"line":40,"column":49}},"line":40},"7":{"name":"(anonymous_7)","decl":{"start":{"line":44,"column":24},"end":{"line":44,"column":25}},"loc":{"start":{"line":44,"column":48},"end":{"line":53,"column":3}},"line":44},"8":{"name":"(anonymous_8)","decl":{"start":{"line":46,"column":6},"end":{"line":46,"column":7}},"loc":{"start":{"line":46,"column":17},"end":{"line":46,"column":39}},"line":46},"9":{"name":"(anonymous_9)","decl":{"start":{"line":48,"column":29},"end":{"line":48,"column":30}},"loc":{"start":{"line":48,"column":40},"end":{"line":52,"column":5}},"line":48},"10":{"name":"(anonymous_10)","decl":{"start":{"line":55,"column":11},"end":{"line":55,"column":12}},"loc":{"start":{"line":55,"column":17},"end":{"line":58,"column":3}},"line":55}},"branchMap":{"0":{"loc":{"start":{"line":49,"column":6},"end":{"line":51,"column":7}},"type":"if","locations":[{"start":{"line":49,"column":6},"end":{"line":51,"column":7}},{"start":{},"end":{}}],"line":49}},"s":{"0":0,"1":0,"2":0,"3":0,"4":0,"5":0,"6":0,"7":0,"8":0,"9":0,"10":0,"11":0,"12":0,"13":0,"14":0,"15":0,"16":0,"17":0,"18":0,"19":0,"20":0,"21":0,"22":0,"23":0,"24":0,"25":0},"f":{"0":0,"1":0,"2":0,"3":0,"4":0,"5":0,"6":0,"7":0,"8":0,"9":0,"10":0},"b":{"0":[0,0]}}
,"/Users/andrew.thompson/src/react-tetris/src/types/common.ts": {"path":"/Users/andrew.thompson/src/react-tetris/src/types/common.ts","statementMap":{},"fnMap":{},"branchMap":{},"s":{},"f":{},"b":{}}
}
